mode: set
gbm/main.go:9.13,12.38 2 0
gbm/main.go:12.38,15.3 2 0
gbm/internal/testutils/git_harness.go:48.68,61.27 4 0
gbm/internal/testutils/git_harness.go:61.27,63.3 1 0
gbm/internal/testutils/git_harness.go:65.2,65.47 1 0
gbm/internal/testutils/git_harness.go:65.47,67.3 1 0
gbm/internal/testutils/git_harness.go:69.2,69.46 1 0
gbm/internal/testutils/git_harness.go:69.46,71.3 1 0
gbm/internal/testutils/git_harness.go:73.2,73.48 1 0
gbm/internal/testutils/git_harness.go:73.48,75.3 1 0
gbm/internal/testutils/git_harness.go:77.2,77.51 1 0
gbm/internal/testutils/git_harness.go:77.51,79.3 1 0
gbm/internal/testutils/git_harness.go:81.2,81.13 1 0
gbm/internal/testutils/git_harness.go:84.47,85.56 1 0
gbm/internal/testutils/git_harness.go:85.56,87.3 1 0
gbm/internal/testutils/git_harness.go:89.2,91.34 3 0
gbm/internal/testutils/git_harness.go:91.34,93.3 1 0
gbm/internal/testutils/git_harness.go:96.2,98.34 3 0
gbm/internal/testutils/git_harness.go:98.34,100.3 1 0
gbm/internal/testutils/git_harness.go:102.2,102.12 1 0
gbm/internal/testutils/git_harness.go:105.46,107.34 2 0
gbm/internal/testutils/git_harness.go:107.34,109.3 1 0
gbm/internal/testutils/git_harness.go:111.2,111.12 1 0
gbm/internal/testutils/git_harness.go:114.48,115.82 1 0
gbm/internal/testutils/git_harness.go:115.82,117.3 1 0
gbm/internal/testutils/git_harness.go:119.2,119.84 1 0
gbm/internal/testutils/git_harness.go:119.84,121.3 1 0
gbm/internal/testutils/git_harness.go:123.2,123.12 1 0
gbm/internal/testutils/git_harness.go:126.51,128.87 2 0
gbm/internal/testutils/git_harness.go:128.87,130.3 1 0
gbm/internal/testutils/git_harness.go:132.2,132.60 1 0
gbm/internal/testutils/git_harness.go:132.60,134.3 1 0
gbm/internal/testutils/git_harness.go:136.2,136.74 1 0
gbm/internal/testutils/git_harness.go:136.74,138.3 1 0
gbm/internal/testutils/git_harness.go:140.2,140.80 1 0
gbm/internal/testutils/git_harness.go:140.80,142.3 1 0
gbm/internal/testutils/git_harness.go:144.2,144.93 1 0
gbm/internal/testutils/git_harness.go:144.93,146.3 1 0
gbm/internal/testutils/git_harness.go:148.2,148.12 1 0
gbm/internal/testutils/git_harness.go:151.59,154.53 3 0
gbm/internal/testutils/git_harness.go:154.53,156.3 1 0
gbm/internal/testutils/git_harness.go:156.8,158.3 1 0
gbm/internal/testutils/git_harness.go:159.2,159.12 1 0
gbm/internal/testutils/git_harness.go:162.79,166.2 3 0
gbm/internal/testutils/git_harness.go:168.34,169.2 0 0
gbm/internal/testutils/git_harness.go:171.45,173.2 1 0
gbm/internal/testutils/git_harness.go:175.46,177.2 1 0
gbm/internal/testutils/git_harness.go:179.44,181.2 1 0
gbm/internal/testutils/git_harness.go:183.64,184.64 1 0
gbm/internal/testutils/git_harness.go:184.64,186.3 1 0
gbm/internal/testutils/git_harness.go:188.2,189.74 2 0
gbm/internal/testutils/git_harness.go:189.74,191.3 1 0
gbm/internal/testutils/git_harness.go:193.2,193.62 1 0
gbm/internal/testutils/git_harness.go:193.62,195.3 1 0
gbm/internal/testutils/git_harness.go:197.2,197.97 1 0
gbm/internal/testutils/git_harness.go:197.97,199.3 1 0
gbm/internal/testutils/git_harness.go:201.2,201.75 1 0
gbm/internal/testutils/git_harness.go:201.75,203.3 1 0
gbm/internal/testutils/git_harness.go:205.2,205.76 1 0
gbm/internal/testutils/git_harness.go:205.76,207.3 1 0
gbm/internal/testutils/git_harness.go:209.2,209.12 1 0
gbm/internal/testutils/git_harness.go:212.80,213.64 1 0
gbm/internal/testutils/git_harness.go:213.64,215.3 1 0
gbm/internal/testutils/git_harness.go:217.2,217.64 1 0
gbm/internal/testutils/git_harness.go:217.64,219.3 1 0
gbm/internal/testutils/git_harness.go:221.2,222.74 2 0
gbm/internal/testutils/git_harness.go:222.74,224.3 1 0
gbm/internal/testutils/git_harness.go:226.2,226.62 1 0
gbm/internal/testutils/git_harness.go:226.62,228.3 1 0
gbm/internal/testutils/git_harness.go:230.2,230.97 1 0
gbm/internal/testutils/git_harness.go:230.97,232.3 1 0
gbm/internal/testutils/git_harness.go:234.2,234.75 1 0
gbm/internal/testutils/git_harness.go:234.75,236.3 1 0
gbm/internal/testutils/git_harness.go:238.2,238.76 1 0
gbm/internal/testutils/git_harness.go:238.76,240.3 1 0
gbm/internal/testutils/git_harness.go:242.2,242.12 1 0
gbm/internal/testutils/git_harness.go:245.57,246.58 1 0
gbm/internal/testutils/git_harness.go:246.58,248.3 1 0
gbm/internal/testutils/git_harness.go:249.2,249.12 1 0
gbm/internal/testutils/git_harness.go:252.61,254.67 2 0
gbm/internal/testutils/git_harness.go:254.67,256.3 1 0
gbm/internal/testutils/git_harness.go:258.2,258.71 1 0
gbm/internal/testutils/git_harness.go:258.71,260.3 1 0
gbm/internal/testutils/git_harness.go:262.2,262.12 1 0
gbm/internal/testutils/git_harness.go:265.82,272.16 3 0
gbm/internal/testutils/git_harness.go:272.16,274.3 1 0
gbm/internal/testutils/git_harness.go:277.2,280.54 3 0
gbm/internal/testutils/git_harness.go:283.59,284.52 1 0
gbm/internal/testutils/git_harness.go:284.52,286.3 1 0
gbm/internal/testutils/git_harness.go:288.2,288.65 1 0
gbm/internal/testutils/git_harness.go:288.65,290.3 1 0
gbm/internal/testutils/git_harness.go:292.2,292.12 1 0
gbm/internal/testutils/git_harness.go:295.71,296.58 1 0
gbm/internal/testutils/git_harness.go:296.58,298.3 1 0
gbm/internal/testutils/git_harness.go:300.2,300.65 1 0
gbm/internal/testutils/git_harness.go:300.65,302.3 1 0
gbm/internal/testutils/git_harness.go:304.2,304.12 1 0
gbm/internal/testutils/git_harness.go:307.55,308.77 1 0
gbm/internal/testutils/git_harness.go:308.77,310.3 1 0
gbm/internal/testutils/git_harness.go:311.2,311.12 1 0
gbm/internal/testutils/git_harness.go:314.46,316.2 1 0
gbm/internal/testutils/git_harness.go:318.56,320.16 2 0
gbm/internal/testutils/git_harness.go:320.16,322.3 1 0
gbm/internal/testutils/git_harness.go:324.2,325.59 2 0
gbm/internal/testutils/git_harness.go:325.59,327.52 2 0
gbm/internal/testutils/git_harness.go:327.52,330.4 2 0
gbm/internal/testutils/git_harness.go:333.2,333.22 1 0
gbm/internal/testutils/git_harness.go:336.57,339.16 3 0
gbm/internal/testutils/git_harness.go:339.16,341.3 1 0
gbm/internal/testutils/git_harness.go:344.58,348.2 3 0
gbm/internal/testutils/git_harness.go:350.67,351.64 1 0
gbm/internal/testutils/git_harness.go:351.64,353.3 1 0
gbm/internal/testutils/git_harness.go:355.2,355.75 1 0
gbm/internal/testutils/git_harness.go:355.75,357.3 1 0
gbm/internal/testutils/git_harness.go:359.2,359.12 1 0
gbm/internal/testutils/git_harness.go:363.45,368.49 3 0
gbm/internal/testutils/git_harness.go:368.49,370.3 1 0
gbm/internal/testutils/git_harness.go:371.2,371.21 1 0
gbm/internal/testutils/mock_services.go:26.48,31.2 1 0
gbm/internal/testutils/mock_services.go:33.59,39.2 1 0
gbm/internal/testutils/mock_services.go:41.73,47.2 1 0
gbm/internal/testutils/mock_services.go:49.72,55.2 1 0
gbm/internal/testutils/mock_services.go:57.43,59.16 2 0
gbm/internal/testutils/mock_services.go:59.16,61.3 1 0
gbm/internal/testutils/mock_services.go:63.2,69.31 5 0
gbm/internal/testutils/mock_services.go:69.31,71.3 1 0
gbm/internal/testutils/mock_services.go:71.8,73.3 1 0
gbm/internal/testutils/mock_services.go:75.2,75.73 1 0
gbm/internal/testutils/mock_services.go:75.73,77.3 1 0
gbm/internal/testutils/mock_services.go:79.2,82.12 3 0
gbm/internal/testutils/mock_services.go:85.42,86.21 1 0
gbm/internal/testutils/mock_services.go:86.21,87.49 1 0
gbm/internal/testutils/mock_services.go:87.49,89.4 1 0
gbm/internal/testutils/mock_services.go:92.2,92.12 1 0
gbm/internal/testutils/mock_services.go:95.51,96.31 1 0
gbm/internal/testutils/mock_services.go:96.31,98.3 1 0
gbm/internal/testutils/mock_services.go:99.2,99.31 1 0
gbm/internal/testutils/mock_services.go:102.51,106.39 3 0
gbm/internal/testutils/mock_services.go:106.39,111.3 4 0
gbm/internal/testutils/mock_services.go:113.2,116.15 3 0
gbm/internal/testutils/mock_services.go:119.54,123.39 3 0
gbm/internal/testutils/mock_services.go:123.39,128.3 4 0
gbm/internal/testutils/mock_services.go:130.2,133.15 3 0
gbm/internal/testutils/mock_services.go:136.46,139.2 2 0
gbm/internal/testutils/mock_services.go:141.59,147.29 4 0
gbm/internal/testutils/mock_services.go:147.29,148.39 1 0
gbm/internal/testutils/mock_services.go:148.39,150.4 1 0
gbm/internal/testutils/mock_services.go:153.2,153.77 1 0
gbm/internal/testutils/repo_options.go:5.50,6.30 1 0
gbm/internal/testutils/repo_options.go:6.30,8.3 1 0
gbm/internal/testutils/repo_options.go:11.46,12.30 1 0
gbm/internal/testutils/repo_options.go:12.30,15.3 2 0
gbm/internal/testutils/repo_options.go:18.45,19.30 1 0
gbm/internal/testutils/repo_options.go:19.30,21.3 1 0
gbm/internal/testutils/scenarios.go:8.46,13.2 1 0
gbm/internal/testutils/scenarios.go:15.52,18.76 2 0
gbm/internal/testutils/scenarios.go:18.76,20.3 1 0
gbm/internal/testutils/scenarios.go:22.2,22.84 1 0
gbm/internal/testutils/scenarios.go:22.84,24.3 1 0
gbm/internal/testutils/scenarios.go:26.2,26.83 1 0
gbm/internal/testutils/scenarios.go:26.83,28.3 1 0
gbm/internal/testutils/scenarios.go:30.2,30.13 1 0
gbm/internal/testutils/scenarios.go:36.90,44.34 4 0
gbm/internal/testutils/scenarios.go:44.34,45.40 1 0
gbm/internal/testutils/scenarios.go:45.40,47.4 1 0
gbm/internal/testutils/scenarios.go:51.2,52.27 2 0
gbm/internal/testutils/scenarios.go:52.27,54.43 2 0
gbm/internal/testutils/scenarios.go:54.43,55.26 1 0
gbm/internal/testutils/scenarios.go:55.26,57.10 2 0
gbm/internal/testutils/scenarios.go:60.3,60.13 1 0
gbm/internal/testutils/scenarios.go:60.13,62.4 1 0
gbm/internal/testutils/scenarios.go:66.2,66.42 1 0
gbm/internal/testutils/scenarios.go:66.42,67.47 1 0
gbm/internal/testutils/scenarios.go:67.47,68.43 1 0
gbm/internal/testutils/scenarios.go:68.43,70.5 1 0
gbm/internal/testutils/scenarios.go:74.2,77.35 2 0
gbm/internal/testutils/scenarios.go:77.35,84.12 2 0
gbm/internal/testutils/scenarios.go:84.12,86.4 1 0
gbm/internal/testutils/scenarios.go:88.3,88.26 1 0
gbm/internal/testutils/scenarios.go:91.2,91.18 1 0
gbm/internal/testutils/scenarios.go:94.77,100.56 3 0
gbm/internal/testutils/scenarios.go:100.56,102.3 1 0
gbm/internal/testutils/scenarios.go:104.2,104.98 1 0
gbm/internal/testutils/scenarios.go:104.98,106.3 1 0
gbm/internal/testutils/scenarios.go:108.2,108.48 1 0
gbm/internal/testutils/scenarios.go:108.48,110.3 1 0
gbm/internal/testutils/scenarios.go:112.2,112.13 1 0
gbm/internal/testutils/scenarios.go:116.58,125.2 2 0
gbm/internal/config.go:91.30,135.2 1 0
gbm/internal/config.go:137.49,140.55 2 0
gbm/internal/config.go:140.55,142.3 1 0
gbm/internal/config.go:144.2,145.64 2 0
gbm/internal/config.go:145.64,147.3 1 0
gbm/internal/config.go:149.2,149.21 1 0
gbm/internal/config.go:153.40,155.2 1 0
gbm/internal/config.go:157.44,158.51 1 0
gbm/internal/config.go:158.51,160.3 1 0
gbm/internal/config.go:162.2,164.16 3 0
gbm/internal/config.go:164.16,166.3 1 0
gbm/internal/config.go:167.2,167.15 1 0
gbm/internal/config.go:167.15,167.35 1 0
gbm/internal/config.go:169.2,170.42 2 0
gbm/internal/config.go:170.42,172.3 1 0
gbm/internal/config.go:174.2,174.12 1 0
gbm/internal/config.go:178.54,180.16 2 1
gbm/internal/config.go:180.16,182.3 1 0
gbm/internal/config.go:184.2,185.54 2 1
gbm/internal/config.go:185.54,187.3 1 0
gbm/internal/config.go:190.2,191.16 2 1
gbm/internal/config.go:191.16,193.3 1 0
gbm/internal/config.go:194.2,196.21 2 1
gbm/internal/git.go:41.40,43.2 1 0
gbm/internal/git.go:46.49,49.2 2 0
gbm/internal/git.go:52.42,55.2 2 0
gbm/internal/git.go:59.65,61.15 2 1
gbm/internal/git.go:61.15,63.3 1 1
gbm/internal/git.go:64.2,64.21 1 1
gbm/internal/git.go:68.58,70.15 2 0
gbm/internal/git.go:70.15,72.3 1 0
gbm/internal/git.go:73.2,73.18 1 0
gbm/internal/git.go:77.73,79.15 2 0
gbm/internal/git.go:79.15,81.3 1 0
gbm/internal/git.go:82.2,82.29 1 0
gbm/internal/git.go:86.73,87.16 1 0
gbm/internal/git.go:87.16,89.3 1 0
gbm/internal/git.go:92.2,92.48 1 0
gbm/internal/git.go:92.48,95.31 2 0
gbm/internal/git.go:96.12,97.55 1 0
gbm/internal/git.go:97.55,99.5 1 0
gbm/internal/git.go:100.4,100.56 1 0
gbm/internal/git.go:100.56,102.5 1 0
gbm/internal/git.go:103.4,103.93 1 0
gbm/internal/git.go:103.93,105.5 1 0
gbm/internal/git.go:106.4,106.98 1 0
gbm/internal/git.go:106.98,108.5 1 0
gbm/internal/git.go:109.4,109.72 1 0
gbm/internal/git.go:110.10,111.45 1 0
gbm/internal/git.go:111.45,113.5 1 0
gbm/internal/git.go:114.4,114.61 1 0
gbm/internal/git.go:115.11,116.93 1 0
gbm/internal/git.go:120.2,120.56 1 0
gbm/internal/git.go:124.52,129.16 4 1
gbm/internal/git.go:129.16,133.44 2 1
gbm/internal/git.go:133.44,137.23 2 0
gbm/internal/git.go:137.23,139.5 1 0
gbm/internal/git.go:143.3,146.64 4 1
gbm/internal/git.go:146.64,148.30 1 0
gbm/internal/git.go:148.30,150.5 1 0
gbm/internal/git.go:150.10,153.5 1 0
gbm/internal/git.go:157.3,160.17 4 1
gbm/internal/git.go:160.17,162.4 1 1
gbm/internal/git.go:166.3,167.45 2 0
gbm/internal/git.go:167.45,170.4 1 0
gbm/internal/git.go:173.3,173.29 1 0
gbm/internal/git.go:173.29,175.41 1 0
gbm/internal/git.go:175.41,177.5 1 0
gbm/internal/git.go:178.4,178.36 1 0
gbm/internal/git.go:185.2,186.16 2 0
gbm/internal/git.go:186.16,189.33 2 0
gbm/internal/git.go:189.33,190.21 1 0
gbm/internal/git.go:190.21,197.19 5 0
gbm/internal/git.go:197.19,201.47 2 0
gbm/internal/git.go:201.47,203.26 2 0
gbm/internal/git.go:203.26,205.8 1 0
gbm/internal/git.go:206.12,211.68 4 0
gbm/internal/git.go:211.68,213.34 1 0
gbm/internal/git.go:213.34,215.9 1 0
gbm/internal/git.go:215.14,218.9 1 0
gbm/internal/git.go:219.13,224.22 4 0
gbm/internal/git.go:224.22,226.9 1 0
gbm/internal/git.go:234.3,234.26 1 0
gbm/internal/git.go:234.26,236.4 1 0
gbm/internal/git.go:239.2,239.98 1 0
gbm/internal/git.go:242.81,244.16 2 1
gbm/internal/git.go:244.16,246.3 1 0
gbm/internal/git.go:248.2,252.8 1 1
gbm/internal/git.go:255.46,258.2 2 0
gbm/internal/git.go:260.69,262.16 2 0
gbm/internal/git.go:262.16,264.3 1 0
gbm/internal/git.go:266.2,267.57 2 0
gbm/internal/git.go:267.57,268.28 1 0
gbm/internal/git.go:268.28,269.40 1 0
gbm/internal/git.go:269.40,272.5 2 0
gbm/internal/git.go:275.3,275.28 1 0
gbm/internal/git.go:275.28,277.50 2 0
gbm/internal/git.go:277.50,279.34 2 0
gbm/internal/git.go:279.34,282.6 2 0
gbm/internal/git.go:285.3,285.13 1 0
gbm/internal/git.go:288.2,288.41 1 0
gbm/internal/git.go:288.41,290.3 1 0
gbm/internal/git.go:292.2,292.19 1 0
gbm/internal/git.go:296.39,298.2 1 1
gbm/internal/git.go:301.82,312.2 3 1
gbm/internal/git.go:314.74,317.16 2 0
gbm/internal/git.go:317.16,319.3 1 0
gbm/internal/git.go:320.2,320.13 1 0
gbm/internal/git.go:320.13,322.3 1 0
gbm/internal/git.go:325.2,326.16 2 0
gbm/internal/git.go:326.16,328.3 1 0
gbm/internal/git.go:330.2,330.31 1 0
gbm/internal/git.go:330.31,331.30 1 0
gbm/internal/git.go:331.30,333.4 1 0
gbm/internal/git.go:336.2,336.18 1 0
gbm/internal/git.go:339.63,341.16 2 0
gbm/internal/git.go:341.16,343.3 1 0
gbm/internal/git.go:345.2,349.29 4 0
gbm/internal/git.go:349.29,351.17 2 0
gbm/internal/git.go:351.17,352.30 1 0
gbm/internal/git.go:352.30,355.5 2 0
gbm/internal/git.go:356.4,356.12 1 0
gbm/internal/git.go:359.3,359.43 1 0
gbm/internal/git.go:359.43,365.4 2 0
gbm/internal/git.go:365.9,365.74 1 0
gbm/internal/git.go:365.74,369.4 3 0
gbm/internal/git.go:372.2,372.28 1 0
gbm/internal/git.go:372.28,374.3 1 0
gbm/internal/git.go:376.2,376.19 1 0
gbm/internal/git.go:381.84,384.58 2 0
gbm/internal/git.go:384.58,386.3 1 0
gbm/internal/git.go:388.2,389.16 2 0
gbm/internal/git.go:389.16,391.3 1 0
gbm/internal/git.go:393.2,393.19 1 0
gbm/internal/git.go:393.19,395.3 1 0
gbm/internal/git.go:398.2,401.16 3 0
gbm/internal/git.go:401.16,403.101 1 0
gbm/internal/git.go:403.101,405.4 1 0
gbm/internal/git.go:408.3,408.114 1 0
gbm/internal/git.go:408.114,410.4 1 0
gbm/internal/git.go:412.3,412.13 1 0
gbm/internal/git.go:413.8,415.101 1 0
gbm/internal/git.go:415.101,417.4 1 0
gbm/internal/git.go:420.2,420.12 1 0
gbm/internal/git.go:423.65,424.102 1 0
gbm/internal/git.go:424.102,426.3 1 0
gbm/internal/git.go:428.2,428.12 1 0
gbm/internal/git.go:431.89,432.115 1 0
gbm/internal/git.go:432.115,434.3 1 0
gbm/internal/git.go:436.2,436.12 1 0
gbm/internal/git.go:439.76,440.56 1 0
gbm/internal/git.go:440.56,442.3 1 0
gbm/internal/git.go:444.2,448.66 4 0
gbm/internal/git.go:451.92,453.62 1 0
gbm/internal/git.go:453.62,455.3 1 0
gbm/internal/git.go:458.2,458.80 1 0
gbm/internal/git.go:458.80,460.3 1 0
gbm/internal/git.go:462.2,462.12 1 0
gbm/internal/git.go:465.40,467.16 2 0
gbm/internal/git.go:467.16,469.3 1 0
gbm/internal/git.go:471.2,472.51 2 0
gbm/internal/git.go:472.51,474.3 1 0
gbm/internal/git.go:476.2,476.12 1 0
gbm/internal/git.go:479.82,480.57 1 0
gbm/internal/git.go:480.57,482.3 1 0
gbm/internal/git.go:484.2,488.16 3 0
gbm/internal/git.go:488.16,490.3 1 0
gbm/internal/git.go:492.2,493.35 2 0
gbm/internal/git.go:493.35,495.17 2 0
gbm/internal/git.go:495.17,496.12 1 0
gbm/internal/git.go:499.3,502.21 2 0
gbm/internal/git.go:502.21,506.23 3 0
gbm/internal/git.go:507.33,508.20 1 0
gbm/internal/git.go:511.4,511.26 1 0
gbm/internal/git.go:512.18,513.22 1 0
gbm/internal/git.go:516.4,516.51 1 0
gbm/internal/git.go:516.51,518.5 1 0
gbm/internal/git.go:523.2,524.16 2 0
gbm/internal/git.go:524.16,526.22 2 0
gbm/internal/git.go:526.22,527.71 1 0
gbm/internal/git.go:527.71,529.5 1 0
gbm/internal/git.go:533.2,533.20 1 0
gbm/internal/git.go:536.66,539.22 2 0
gbm/internal/git.go:539.22,541.3 1 0
gbm/internal/git.go:543.2,546.49 2 0
gbm/internal/git.go:546.49,548.3 1 0
gbm/internal/git.go:548.8,548.32 1 0
gbm/internal/git.go:548.32,550.3 1 0
gbm/internal/git.go:550.8,550.33 1 0
gbm/internal/git.go:550.33,552.3 1 0
gbm/internal/git.go:555.2,555.23 1 0
gbm/internal/git.go:555.23,556.27 1 0
gbm/internal/git.go:556.27,558.4 1 0
gbm/internal/git.go:559.3,559.29 1 0
gbm/internal/git.go:559.29,561.4 1 0
gbm/internal/git.go:562.3,562.30 1 0
gbm/internal/git.go:562.30,564.4 1 0
gbm/internal/git.go:567.2,567.21 1 0
gbm/internal/git.go:567.21,569.3 1 0
gbm/internal/git.go:571.2,571.32 1 0
gbm/internal/git.go:574.73,575.22 1 0
gbm/internal/git.go:575.22,577.3 1 0
gbm/internal/git.go:579.2,579.89 1 0
gbm/internal/git.go:579.89,581.3 1 0
gbm/internal/git.go:583.2,583.12 1 0
gbm/internal/git.go:586.112,591.58 3 0
gbm/internal/git.go:591.58,593.3 1 0
gbm/internal/git.go:596.2,596.56 1 0
gbm/internal/git.go:596.56,598.3 1 0
gbm/internal/git.go:600.2,601.18 2 0
gbm/internal/git.go:601.18,604.17 2 0
gbm/internal/git.go:604.17,606.4 1 0
gbm/internal/git.go:608.3,608.19 1 0
gbm/internal/git.go:608.19,610.24 1 0
gbm/internal/git.go:610.24,613.19 2 0
gbm/internal/git.go:613.19,615.6 1 0
gbm/internal/git.go:618.5,619.19 2 0
gbm/internal/git.go:619.19,621.6 1 0
gbm/internal/git.go:624.5,624.86 1 0
gbm/internal/git.go:624.86,626.6 1 0
gbm/internal/git.go:630.4,630.74 1 0
gbm/internal/git.go:631.9,633.24 1 0
gbm/internal/git.go:633.24,635.5 1 0
gbm/internal/git.go:635.10,638.5 1 0
gbm/internal/git.go:640.8,643.17 2 0
gbm/internal/git.go:643.17,645.4 1 0
gbm/internal/git.go:647.3,647.20 1 0
gbm/internal/git.go:647.20,649.4 1 0
gbm/internal/git.go:652.3,657.17 5 0
gbm/internal/git.go:657.17,660.4 1 0
gbm/internal/git.go:660.9,663.4 1 0
gbm/internal/git.go:666.2,667.44 2 0
gbm/internal/git.go:667.44,669.3 1 0
gbm/internal/git.go:671.2,671.12 1 0
gbm/internal/git.go:674.58,676.16 2 0
gbm/internal/git.go:676.16,678.3 1 0
gbm/internal/git.go:680.2,680.47 1 0
gbm/internal/git.go:683.58,686.16 2 0
gbm/internal/git.go:686.16,689.60 2 0
gbm/internal/git.go:689.60,691.4 1 0
gbm/internal/git.go:695.2,696.40 2 0
gbm/internal/git.go:696.40,698.27 2 0
gbm/internal/git.go:698.27,700.4 1 0
gbm/internal/git.go:704.2,704.30 1 0
gbm/internal/git.go:707.61,709.16 2 0
gbm/internal/git.go:709.16,711.3 1 0
gbm/internal/git.go:713.2,715.29 3 0
gbm/internal/git.go:715.29,717.51 2 0
gbm/internal/git.go:717.51,718.12 1 0
gbm/internal/git.go:722.3,722.41 1 0
gbm/internal/git.go:722.41,725.4 2 0
gbm/internal/git.go:728.2,728.22 1 0
gbm/internal/git.go:731.63,732.57 1 0
gbm/internal/git.go:732.57,734.3 1 0
gbm/internal/git.go:737.2,738.16 2 0
gbm/internal/git.go:738.16,740.3 1 0
gbm/internal/git.go:742.2,748.16 4 0
gbm/internal/git.go:748.16,751.3 1 0
gbm/internal/git.go:751.8,754.3 1 0
gbm/internal/git.go:756.2,760.18 4 0
gbm/internal/git.go:763.63,764.57 1 0
gbm/internal/git.go:764.57,766.3 1 0
gbm/internal/git.go:769.2,772.16 4 0
gbm/internal/git.go:772.16,774.3 1 0
gbm/internal/git.go:776.2,783.16 5 0
gbm/internal/git.go:783.16,792.17 5 0
gbm/internal/git.go:792.17,796.46 3 0
gbm/internal/git.go:796.46,798.5 1 0
gbm/internal/git.go:801.4,801.37 1 0
gbm/internal/git.go:802.9,805.4 1 0
gbm/internal/git.go:806.8,809.3 1 0
gbm/internal/git.go:811.2,815.18 4 0
gbm/internal/git.go:818.78,823.16 4 0
gbm/internal/git.go:823.16,825.3 1 0
gbm/internal/git.go:827.2,831.53 3 0
gbm/internal/git.go:831.53,834.3 2 0
gbm/internal/git.go:836.2,836.23 1 0
gbm/internal/git.go:916.89,917.18 1 0
gbm/internal/git.go:917.18,919.3 1 0
gbm/internal/git.go:921.2,928.16 4 0
gbm/internal/git.go:928.16,930.3 1 0
gbm/internal/git.go:933.2,934.16 2 0
gbm/internal/git.go:934.16,936.3 1 0
gbm/internal/git.go:941.2,941.24 1 0
gbm/internal/git.go:945.85,950.16 3 0
gbm/internal/git.go:950.16,952.3 1 0
gbm/internal/git.go:954.2,955.29 2 0
gbm/internal/git.go:955.29,956.17 1 0
gbm/internal/git.go:956.17,957.12 1 0
gbm/internal/git.go:960.3,961.22 2 0
gbm/internal/git.go:961.22,962.12 1 0
gbm/internal/git.go:965.3,971.17 6 0
gbm/internal/git.go:971.17,972.12 1 0
gbm/internal/git.go:975.3,990.32 5 0
gbm/internal/git.go:990.32,992.4 1 0
gbm/internal/git.go:992.9,992.32 1 0
gbm/internal/git.go:992.32,994.4 1 0
gbm/internal/git.go:996.3,996.44 1 0
gbm/internal/git.go:999.2,999.24 1 0
gbm/internal/git.go:1003.87,1008.16 3 0
gbm/internal/git.go:1008.16,1010.3 1 0
gbm/internal/git.go:1012.2,1013.29 2 0
gbm/internal/git.go:1013.29,1014.17 1 0
gbm/internal/git.go:1014.17,1015.12 1 0
gbm/internal/git.go:1018.3,1019.21 2 0
gbm/internal/git.go:1019.21,1020.12 1 0
gbm/internal/git.go:1023.3,1028.21 6 0
gbm/internal/git.go:1028.21,1030.4 1 0
gbm/internal/git.go:1032.3,1033.17 2 0
gbm/internal/git.go:1033.17,1034.12 1 0
gbm/internal/git.go:1038.3,1038.97 1 0
gbm/internal/git.go:1038.97,1039.12 1 0
gbm/internal/git.go:1042.3,1052.17 2 0
gbm/internal/git.go:1052.17,1053.50 1 0
gbm/internal/git.go:1053.50,1054.41 1 0
gbm/internal/git.go:1054.41,1057.11 3 0
gbm/internal/git.go:1063.3,1063.34 1 0
gbm/internal/git.go:1063.34,1064.33 1 0
gbm/internal/git.go:1064.33,1066.5 1 0
gbm/internal/git.go:1066.10,1068.5 1 0
gbm/internal/git.go:1071.3,1071.44 1 0
gbm/internal/git.go:1074.2,1074.24 1 0
gbm/internal/git.go:1078.61,1081.69 2 1
gbm/internal/git.go:1081.69,1083.3 1 1
gbm/internal/git.go:1084.2,1084.36 1 1
gbm/internal/git.go:1087.47,1093.2 4 1
gbm/internal/git.go:1095.62,1101.22 1 1
gbm/internal/git.go:1101.22,1103.3 1 1
gbm/internal/git.go:1106.2,1107.34 2 1
gbm/internal/git.go:1107.34,1108.44 1 1
gbm/internal/git.go:1108.44,1110.9 2 1
gbm/internal/git.go:1115.2,1115.55 1 1
gbm/internal/git.go:1115.55,1117.3 1 1
gbm/internal/git.go:1120.2,1120.19 1 1
gbm/internal/git.go:1123.60,1125.52 1 1
gbm/internal/git.go:1125.52,1127.3 1 1
gbm/internal/git.go:1130.2,1131.20 2 1
gbm/internal/git.go:1131.20,1135.41 3 1
gbm/internal/git.go:1135.41,1136.45 1 1
gbm/internal/git.go:1136.45,1138.10 2 1
gbm/internal/git.go:1141.3,1141.19 1 1
gbm/internal/git.go:1144.2,1144.18 1 1
gbm/internal/git.go:1147.46,1150.21 2 1
gbm/internal/git.go:1150.21,1152.27 1 1
gbm/internal/git.go:1152.27,1154.4 1 1
gbm/internal/git.go:1155.3,1155.13 1 1
gbm/internal/git.go:1157.2,1157.12 1 1
gbm/internal/git.go:1160.80,1163.16 2 0
gbm/internal/git.go:1163.16,1165.3 1 0
gbm/internal/git.go:1167.2,1169.20 3 0
gbm/internal/git.go:1169.20,1171.3 1 0
gbm/internal/git.go:1174.2,1180.23 5 0
gbm/internal/git.go:1180.23,1182.3 1 0
gbm/internal/git.go:1184.2,1184.15 1 0
gbm/internal/info_renderer.go:27.52,94.2 9 0
gbm/internal/info_renderer.go:96.74,108.28 6 0
gbm/internal/info_renderer.go:108.28,111.3 2 0
gbm/internal/info_renderer.go:114.2,119.15 4 0
gbm/internal/info_renderer.go:122.77,130.30 6 0
gbm/internal/info_renderer.go:130.30,136.3 3 0
gbm/internal/info_renderer.go:138.2,138.27 1 0
gbm/internal/info_renderer.go:138.27,141.3 2 0
gbm/internal/info_renderer.go:143.2,143.48 1 0
gbm/internal/info_renderer.go:146.74,152.24 4 0
gbm/internal/info_renderer.go:152.24,155.24 3 0
gbm/internal/info_renderer.go:155.24,157.4 1 0
gbm/internal/info_renderer.go:158.3,159.67 2 0
gbm/internal/info_renderer.go:162.2,162.23 1 0
gbm/internal/info_renderer.go:162.23,164.3 1 0
gbm/internal/info_renderer.go:166.2,166.25 1 0
gbm/internal/info_renderer.go:166.25,168.3 1 0
gbm/internal/info_renderer.go:170.2,170.25 1 0
gbm/internal/info_renderer.go:170.25,173.3 2 0
gbm/internal/info_renderer.go:175.2,175.25 1 0
gbm/internal/info_renderer.go:175.25,177.3 1 0
gbm/internal/info_renderer.go:179.2,179.28 1 0
gbm/internal/info_renderer.go:179.28,181.3 1 0
gbm/internal/info_renderer.go:183.2,183.25 1 0
gbm/internal/info_renderer.go:183.25,185.3 1 0
gbm/internal/info_renderer.go:187.2,187.21 1 0
gbm/internal/info_renderer.go:187.21,189.3 1 0
gbm/internal/info_renderer.go:191.2,191.20 1 0
gbm/internal/info_renderer.go:191.20,193.3 1 0
gbm/internal/info_renderer.go:195.2,195.31 1 0
gbm/internal/info_renderer.go:195.31,203.24 6 0
gbm/internal/info_renderer.go:203.24,205.4 1 0
gbm/internal/info_renderer.go:206.3,207.60 2 0
gbm/internal/info_renderer.go:207.60,209.4 1 0
gbm/internal/info_renderer.go:210.3,210.74 1 0
gbm/internal/info_renderer.go:213.2,213.48 1 0
gbm/internal/info_renderer.go:216.72,221.26 3 0
gbm/internal/info_renderer.go:221.26,222.31 1 0
gbm/internal/info_renderer.go:222.31,224.4 1 0
gbm/internal/info_renderer.go:225.3,225.35 1 0
gbm/internal/info_renderer.go:225.35,227.4 1 0
gbm/internal/info_renderer.go:228.3,228.62 1 0
gbm/internal/info_renderer.go:228.62,232.4 2 0
gbm/internal/info_renderer.go:236.2,236.27 1 0
gbm/internal/info_renderer.go:236.27,241.23 5 0
gbm/internal/info_renderer.go:241.23,243.4 1 0
gbm/internal/info_renderer.go:244.3,250.65 4 0
gbm/internal/info_renderer.go:254.2,254.33 1 0
gbm/internal/info_renderer.go:254.33,258.25 4 0
gbm/internal/info_renderer.go:258.25,260.4 1 0
gbm/internal/info_renderer.go:262.3,262.43 1 0
gbm/internal/info_renderer.go:262.43,268.40 4 0
gbm/internal/info_renderer.go:268.40,270.5 1 0
gbm/internal/info_renderer.go:273.4,278.36 5 0
gbm/internal/info_renderer.go:283.2,283.27 1 0
gbm/internal/info_renderer.go:283.27,285.39 2 0
gbm/internal/info_renderer.go:285.39,286.14 1 0
gbm/internal/info_renderer.go:286.14,287.13 1 0
gbm/internal/info_renderer.go:289.4,294.29 3 0
gbm/internal/info_renderer.go:298.2,298.48 1 0
gbm/internal/info_renderer.go:301.65,307.2 3 0
gbm/internal/info_renderer.go:309.66,310.19 1 0
gbm/internal/info_renderer.go:310.19,312.3 1 0
gbm/internal/info_renderer.go:314.2,314.20 1 0
gbm/internal/info_renderer.go:314.20,317.3 2 0
gbm/internal/info_renderer.go:319.2,319.43 1 0
gbm/internal/info_renderer.go:319.43,321.3 1 0
gbm/internal/info_renderer.go:323.2,323.21 1 0
gbm/internal/info_renderer.go:326.60,327.16 1 0
gbm/internal/info_renderer.go:328.11,329.13 1 0
gbm/internal/info_renderer.go:330.11,331.13 1 0
gbm/internal/info_renderer.go:332.11,333.13 1 0
gbm/internal/info_renderer.go:334.10,335.13 1 0
gbm/internal/info_renderer.go:339.63,341.27 2 0
gbm/internal/info_renderer.go:342.29,343.25 1 0
gbm/internal/info_renderer.go:344.14,345.21 1 0
gbm/internal/info_renderer.go:346.16,347.23 1 0
gbm/internal/info_renderer.go:348.13,349.20 1 0
gbm/internal/info_renderer.go:350.16,351.23 1 0
gbm/internal/info_renderer.go:352.10,353.18 1 0
gbm/internal/info_renderer.go:357.64,358.16 1 0
gbm/internal/info_renderer.go:358.16,360.3 1 0
gbm/internal/info_renderer.go:362.2,362.24 1 0
gbm/internal/info_renderer.go:362.24,364.3 1 0
gbm/internal/info_renderer.go:366.2,368.21 3 0
gbm/internal/info_renderer.go:368.21,370.3 1 0
gbm/internal/info_renderer.go:372.2,373.33 2 0
gbm/internal/info_renderer.go:373.33,375.24 1 0
gbm/internal/info_renderer.go:375.24,376.25 1 0
gbm/internal/info_renderer.go:376.25,378.5 1 0
gbm/internal/info_renderer.go:379.4,381.12 3 0
gbm/internal/info_renderer.go:384.3,384.44 1 0
gbm/internal/info_renderer.go:384.44,386.4 1 0
gbm/internal/info_renderer.go:386.9,389.4 2 0
gbm/internal/info_renderer.go:392.2,392.23 1 0
gbm/internal/info_renderer.go:392.23,394.3 1 0
gbm/internal/info_renderer.go:396.2,396.24 1 0
gbm/internal/jira.go:19.31,22.2 2 0
gbm/internal/jira.go:26.38,30.2 3 0
gbm/internal/jira.go:33.52,37.26 2 0
gbm/internal/jira.go:37.26,39.3 1 0
gbm/internal/jira.go:42.2,44.16 3 0
gbm/internal/jira.go:44.16,46.3 1 0
gbm/internal/jira.go:47.2,53.53 3 0
gbm/internal/jira.go:53.53,56.3 1 0
gbm/internal/jira.go:58.2,58.18 1 0
gbm/internal/jira.go:62.54,64.16 2 0
gbm/internal/jira.go:64.16,66.3 1 0
gbm/internal/jira.go:69.2,71.16 3 0
gbm/internal/jira.go:71.16,73.3 1 0
gbm/internal/jira.go:75.2,77.33 3 0
gbm/internal/jira.go:77.33,78.49 1 0
gbm/internal/jira.go:78.49,81.33 2 0
gbm/internal/jira.go:81.33,83.32 2 0
gbm/internal/jira.go:83.32,85.11 2 0
gbm/internal/jira.go:90.2,90.18 1 0
gbm/internal/jira.go:94.59,96.16 2 0
gbm/internal/jira.go:96.16,98.3 1 0
gbm/internal/jira.go:101.2,103.16 3 0
gbm/internal/jira.go:103.16,105.3 1 0
gbm/internal/jira.go:107.2,107.43 1 0
gbm/internal/jira.go:111.69,115.16 3 0
gbm/internal/jira.go:115.16,117.3 1 0
gbm/internal/jira.go:120.2,123.29 3 0
gbm/internal/jira.go:123.29,127.68 2 0
gbm/internal/jira.go:127.68,128.38 1 0
gbm/internal/jira.go:128.38,130.5 1 0
gbm/internal/jira.go:131.4,131.43 1 0
gbm/internal/jira.go:131.43,133.5 1 0
gbm/internal/jira.go:137.3,137.36 1 0
gbm/internal/jira.go:137.36,139.9 2 0
gbm/internal/jira.go:145.2,145.19 1 0
gbm/internal/jira.go:145.19,147.3 1 0
gbm/internal/jira.go:150.2,150.21 1 0
gbm/internal/jira.go:150.21,152.3 1 0
gbm/internal/jira.go:154.2,159.8 1 0
gbm/internal/jira.go:163.47,167.33 3 0
gbm/internal/jira.go:167.33,168.49 1 0
gbm/internal/jira.go:168.49,170.24 2 0
gbm/internal/jira.go:170.24,175.34 3 0
gbm/internal/jira.go:175.34,177.33 2 0
gbm/internal/jira.go:177.33,180.12 3 0
gbm/internal/jira.go:184.5,184.23 1 0
gbm/internal/jira.go:184.23,189.34 2 0
gbm/internal/jira.go:189.34,191.7 1 0
gbm/internal/jira.go:194.6,194.44 1 0
gbm/internal/jira.go:194.44,195.65 1 0
gbm/internal/jira.go:195.65,197.13 2 0
gbm/internal/jira.go:201.6,207.36 2 0
gbm/internal/jira.go:212.2,212.15 1 0
gbm/internal/jira.go:216.41,226.56 7 0
gbm/internal/jira.go:226.56,228.3 1 0
gbm/internal/jira.go:230.2,231.19 2 0
gbm/internal/jira.go:235.79,237.16 2 0
gbm/internal/jira.go:237.16,239.3 1 0
gbm/internal/jira.go:241.2,241.32 1 0
gbm/internal/manager.go:53.52,56.16 3 0
gbm/internal/manager.go:56.16,58.3 1 0
gbm/internal/manager.go:60.2,61.16 2 0
gbm/internal/manager.go:61.16,63.3 1 0
gbm/internal/manager.go:65.2,66.16 2 0
gbm/internal/manager.go:66.16,68.3 1 0
gbm/internal/manager.go:71.2,80.8 3 0
gbm/internal/manager.go:83.58,84.22 1 0
gbm/internal/manager.go:84.22,86.3 1 0
gbm/internal/manager.go:88.2,88.33 1 0
gbm/internal/manager.go:88.33,90.3 1 0
gbm/internal/manager.go:92.2,93.16 2 0
gbm/internal/manager.go:93.16,95.3 1 0
gbm/internal/manager.go:97.2,98.12 2 0
gbm/internal/manager.go:101.56,102.24 1 0
gbm/internal/manager.go:102.24,104.3 1 0
gbm/internal/manager.go:106.2,115.16 3 0
gbm/internal/manager.go:115.16,117.3 1 0
gbm/internal/manager.go:119.2,120.31 2 0
gbm/internal/manager.go:120.31,121.94 1 0
gbm/internal/manager.go:121.94,123.4 1 0
gbm/internal/manager.go:126.2,126.66 1 0
gbm/internal/manager.go:126.66,127.54 1 0
gbm/internal/manager.go:127.54,128.42 1 0
gbm/internal/manager.go:128.42,134.5 2 0
gbm/internal/manager.go:135.4,135.37 1 0
gbm/internal/manager.go:136.9,139.4 2 0
gbm/internal/manager.go:142.2,142.40 1 0
gbm/internal/manager.go:142.40,145.3 2 0
gbm/internal/manager.go:148.2,150.20 2 0
gbm/internal/manager.go:153.133,158.34 3 0
gbm/internal/manager.go:158.34,159.94 1 0
gbm/internal/manager.go:159.94,161.4 1 0
gbm/internal/manager.go:165.2,165.52 1 0
gbm/internal/manager.go:165.52,166.75 1 0
gbm/internal/manager.go:166.75,176.4 2 0
gbm/internal/manager.go:179.2,179.19 1 0
gbm/internal/manager.go:182.50,184.2 1 0
gbm/internal/manager.go:186.96,188.43 1 0
gbm/internal/manager.go:188.43,190.3 1 0
gbm/internal/manager.go:193.2,193.48 1 0
gbm/internal/manager.go:193.48,195.3 1 0
gbm/internal/manager.go:197.2,198.16 2 0
gbm/internal/manager.go:198.16,200.3 1 0
gbm/internal/manager.go:202.2,202.19 1 0
gbm/internal/manager.go:202.19,204.3 1 0
gbm/internal/manager.go:206.2,206.12 1 0
gbm/internal/manager.go:206.12,208.3 1 0
gbm/internal/manager.go:211.2,211.48 1 0
gbm/internal/manager.go:211.48,213.25 1 0
gbm/internal/manager.go:213.25,215.52 2 0
gbm/internal/manager.go:215.52,218.5 2 0
gbm/internal/manager.go:219.4,221.29 2 0
gbm/internal/manager.go:221.29,223.5 1 0
gbm/internal/manager.go:226.3,226.51 1 0
gbm/internal/manager.go:226.51,229.18 3 0
gbm/internal/manager.go:229.18,231.5 1 0
gbm/internal/manager.go:235.2,235.55 1 0
gbm/internal/manager.go:235.55,238.17 3 0
gbm/internal/manager.go:238.17,241.50 1 0
gbm/internal/manager.go:241.50,244.46 1 0
gbm/internal/manager.go:244.46,246.14 1 0
gbm/internal/manager.go:249.4,249.80 1 0
gbm/internal/manager.go:255.2,255.40 1 0
gbm/internal/manager.go:255.40,256.25 1 0
gbm/internal/manager.go:256.25,257.56 1 0
gbm/internal/manager.go:257.56,263.30 2 0
gbm/internal/manager.go:263.30,265.6 1 0
gbm/internal/manager.go:267.9,269.4 1 0
gbm/internal/manager.go:273.2,273.54 1 0
gbm/internal/manager.go:273.54,278.17 4 0
gbm/internal/manager.go:278.17,280.4 1 0
gbm/internal/manager.go:283.3,283.57 1 0
gbm/internal/manager.go:286.2,286.57 1 0
gbm/internal/manager.go:286.57,289.17 3 0
gbm/internal/manager.go:289.17,291.4 1 0
gbm/internal/manager.go:294.2,295.50 2 0
gbm/internal/manager.go:295.50,297.3 1 0
gbm/internal/manager.go:298.2,301.22 3 0
gbm/internal/manager.go:304.42,305.24 1 0
gbm/internal/manager.go:305.24,307.3 1 0
gbm/internal/manager.go:309.2,309.66 1 0
gbm/internal/manager.go:309.66,311.17 2 0
gbm/internal/manager.go:311.17,313.4 1 0
gbm/internal/manager.go:314.3,314.14 1 0
gbm/internal/manager.go:314.14,316.4 1 0
gbm/internal/manager.go:319.2,319.12 1 0
gbm/internal/manager.go:322.67,323.24 1 0
gbm/internal/manager.go:323.24,325.3 1 0
gbm/internal/manager.go:327.2,328.66 2 0
gbm/internal/manager.go:328.66,330.3 1 0
gbm/internal/manager.go:331.2,331.21 1 0
gbm/internal/manager.go:334.65,336.2 1 0
gbm/internal/manager.go:338.75,339.24 1 0
gbm/internal/manager.go:339.24,341.3 1 0
gbm/internal/manager.go:343.2,345.66 2 0
gbm/internal/manager.go:345.66,354.50 3 0
gbm/internal/manager.go:354.50,356.18 2 0
gbm/internal/manager.go:356.18,357.34 1 0
gbm/internal/manager.go:357.34,358.33 1 0
gbm/internal/manager.go:358.33,360.12 2 0
gbm/internal/manager.go:366.4,366.82 1 0
gbm/internal/manager.go:366.82,368.5 1 0
gbm/internal/manager.go:371.3,371.30 1 0
gbm/internal/manager.go:374.2,374.20 1 0
gbm/internal/manager.go:377.62,379.2 1 0
gbm/internal/manager.go:381.72,384.57 2 0
gbm/internal/manager.go:384.57,386.3 1 0
gbm/internal/manager.go:388.2,388.26 1 0
gbm/internal/manager.go:391.75,396.16 3 0
gbm/internal/manager.go:396.16,398.3 1 0
gbm/internal/manager.go:400.2,402.31 2 0
gbm/internal/manager.go:402.31,403.49 1 0
gbm/internal/manager.go:403.49,413.26 3 0
gbm/internal/manager.go:413.26,414.78 1 0
gbm/internal/manager.go:414.78,416.6 1 0
gbm/internal/manager.go:416.11,418.6 1 0
gbm/internal/manager.go:419.10,421.5 1 0
gbm/internal/manager.go:424.4,424.77 1 0
gbm/internal/manager.go:424.77,426.5 1 0
gbm/internal/manager.go:428.4,428.31 1 0
gbm/internal/manager.go:432.2,432.20 1 0
gbm/internal/manager.go:435.108,437.16 2 0
gbm/internal/manager.go:437.16,439.3 1 0
gbm/internal/manager.go:442.2,443.24 2 0
gbm/internal/manager.go:443.24,444.63 1 0
gbm/internal/manager.go:444.63,446.4 1 0
gbm/internal/manager.go:450.2,450.13 1 0
gbm/internal/manager.go:450.13,451.61 1 0
gbm/internal/manager.go:451.61,453.4 1 0
gbm/internal/manager.go:457.2,460.24 2 0
gbm/internal/manager.go:460.24,461.64 1 0
gbm/internal/manager.go:461.64,463.55 1 0
gbm/internal/manager.go:463.55,465.5 1 0
gbm/internal/manager.go:470.2,470.46 1 0
gbm/internal/manager.go:470.46,473.3 1 0
gbm/internal/manager.go:475.2,475.12 1 0
gbm/internal/manager.go:479.72,480.39 1 1
gbm/internal/manager.go:480.39,482.3 1 1
gbm/internal/manager.go:484.2,486.47 2 1
gbm/internal/manager.go:486.47,490.64 2 1
gbm/internal/manager.go:490.64,492.12 2 1
gbm/internal/manager.go:495.3,495.42 1 1
gbm/internal/manager.go:495.42,496.101 1 1
gbm/internal/manager.go:496.101,498.5 1 0
gbm/internal/manager.go:502.2,502.12 1 1
gbm/internal/manager.go:506.105,511.24 4 1
gbm/internal/manager.go:511.24,513.3 1 0
gbm/internal/manager.go:514.2,514.16 1 1
gbm/internal/manager.go:514.16,516.3 1 0
gbm/internal/manager.go:518.2,518.24 1 1
gbm/internal/manager.go:518.24,520.3 1 1
gbm/internal/manager.go:521.2,521.43 1 1
gbm/internal/manager.go:525.65,528.53 2 1
gbm/internal/manager.go:528.53,530.3 1 0
gbm/internal/manager.go:533.2,533.47 1 1
gbm/internal/manager.go:533.47,536.3 2 0
gbm/internal/manager.go:539.2,540.16 2 1
gbm/internal/manager.go:540.16,542.3 1 0
gbm/internal/manager.go:543.2,543.15 1 1
gbm/internal/manager.go:543.15,543.41 1 1
gbm/internal/manager.go:546.2,547.16 2 1
gbm/internal/manager.go:547.16,549.3 1 0
gbm/internal/manager.go:550.2,550.15 1 1
gbm/internal/manager.go:550.15,550.41 1 1
gbm/internal/manager.go:553.2,553.59 1 1
gbm/internal/manager.go:553.59,555.3 1 0
gbm/internal/manager.go:558.2,559.16 2 1
gbm/internal/manager.go:559.16,561.3 1 0
gbm/internal/manager.go:562.2,562.64 1 1
gbm/internal/manager.go:562.64,564.3 1 0
gbm/internal/manager.go:566.2,566.12 1 1
gbm/internal/manager.go:570.70,572.54 1 1
gbm/internal/manager.go:572.54,574.3 1 0
gbm/internal/manager.go:577.2,578.16 2 1
gbm/internal/manager.go:578.16,580.3 1 0
gbm/internal/manager.go:582.2,582.32 1 1
gbm/internal/manager.go:582.32,586.20 3 1
gbm/internal/manager.go:586.20,587.76 1 0
gbm/internal/manager.go:587.76,589.5 1 0
gbm/internal/manager.go:590.9,591.71 1 1
gbm/internal/manager.go:591.71,593.5 1 0
gbm/internal/manager.go:597.2,597.12 1 1
gbm/internal/manager.go:601.49,602.26 1 0
gbm/internal/manager.go:602.26,603.16 1 0
gbm/internal/manager.go:603.16,605.4 1 0
gbm/internal/manager.go:607.2,607.14 1 0
gbm/internal/manager.go:610.57,612.2 1 0
gbm/internal/manager.go:614.54,616.2 1 0
gbm/internal/manager.go:618.47,620.2 1 0
gbm/internal/manager.go:622.59,625.2 2 0
gbm/internal/manager.go:627.59,630.2 2 0
gbm/internal/manager.go:632.74,634.2 1 0
gbm/internal/manager.go:636.44,638.16 2 0
gbm/internal/manager.go:638.16,640.3 1 0
gbm/internal/manager.go:642.2,642.36 1 0
gbm/internal/manager.go:642.36,644.62 2 0
gbm/internal/manager.go:644.62,646.12 2 0
gbm/internal/manager.go:648.3,648.58 1 0
gbm/internal/manager.go:651.2,651.12 1 0
gbm/internal/manager.go:654.44,656.16 2 0
gbm/internal/manager.go:656.16,658.3 1 0
gbm/internal/manager.go:660.2,660.36 1 0
gbm/internal/manager.go:660.36,662.62 2 0
gbm/internal/manager.go:662.62,664.12 2 0
gbm/internal/manager.go:666.3,666.58 1 0
gbm/internal/manager.go:669.2,669.12 1 0
gbm/internal/manager.go:672.61,676.66 2 0
gbm/internal/manager.go:676.66,678.3 1 0
gbm/internal/manager.go:681.2,681.46 1 0
gbm/internal/manager.go:681.46,682.27 1 0
gbm/internal/manager.go:682.27,684.9 2 0
gbm/internal/manager.go:689.2,692.38 2 0
gbm/internal/manager.go:692.38,695.3 1 0
gbm/internal/manager.go:697.2,697.12 1 0
gbm/internal/manager.go:700.78,702.2 1 0
gbm/internal/manager.go:704.65,706.78 1 0
gbm/internal/manager.go:706.78,708.3 1 0
gbm/internal/manager.go:709.2,710.22 2 0
gbm/internal/manager.go:713.48,715.2 1 0
gbm/internal/manager.go:717.47,719.2 1 0
gbm/internal/manager.go:721.39,723.2 1 0
gbm/internal/manager.go:725.37,727.2 1 0
gbm/internal/manager.go:729.38,731.2 1 0
gbm/internal/manager.go:733.37,735.2 1 0
gbm/internal/manager.go:737.91,743.24 4 0
gbm/internal/manager.go:743.24,744.51 1 0
gbm/internal/manager.go:744.51,746.4 1 0
gbm/internal/manager.go:750.2,750.30 1 0
gbm/internal/manager.go:750.30,751.50 1 0
gbm/internal/manager.go:751.50,753.4 1 0
gbm/internal/manager.go:753.9,755.4 1 0
gbm/internal/manager.go:759.2,762.45 2 0
gbm/internal/manager.go:762.45,770.33 5 0
gbm/internal/manager.go:770.33,772.4 1 0
gbm/internal/manager.go:775.3,775.48 1 0
gbm/internal/manager.go:779.2,783.15 4 0
gbm/internal/mergeback.go:34.72,43.16 3 1
gbm/internal/mergeback.go:43.16,45.3 1 0
gbm/internal/mergeback.go:47.2,48.16 2 1
gbm/internal/mergeback.go:48.16,50.3 1 0
gbm/internal/mergeback.go:52.2,53.16 2 1
gbm/internal/mergeback.go:53.16,55.3 1 0
gbm/internal/mergeback.go:57.2,57.55 1 1
gbm/internal/mergeback.go:57.55,59.3 1 1
gbm/internal/mergeback.go:61.2,62.16 2 1
gbm/internal/mergeback.go:62.16,64.3 1 0
gbm/internal/mergeback.go:66.2,66.32 1 1
gbm/internal/mergeback.go:66.32,68.3 1 1
gbm/internal/mergeback.go:70.2,71.16 2 1
gbm/internal/mergeback.go:71.16,74.3 1 0
gbm/internal/mergeback.go:77.2,77.24 1 1
gbm/internal/mergeback.go:77.24,79.3 1 0
gbm/internal/mergeback.go:82.2,85.37 3 1
gbm/internal/mergeback.go:85.37,88.47 2 1
gbm/internal/mergeback.go:88.47,90.34 1 1
gbm/internal/mergeback.go:90.34,92.13 2 0
gbm/internal/mergeback.go:94.4,99.32 4 1
gbm/internal/mergeback.go:99.32,101.13 2 1
gbm/internal/mergeback.go:105.4,106.18 2 1
gbm/internal/mergeback.go:106.18,109.13 3 0
gbm/internal/mergeback.go:112.4,112.24 1 1
gbm/internal/mergeback.go:112.24,115.36 2 1
gbm/internal/mergeback.go:115.36,116.51 1 1
gbm/internal/mergeback.go:116.51,120.7 3 1
gbm/internal/mergeback.go:123.5,132.77 2 1
gbm/internal/mergeback.go:135.4,135.28 1 1
gbm/internal/mergeback.go:139.2,139.20 1 1
gbm/internal/mergeback.go:142.61,145.2 1 1
gbm/internal/mergeback.go:147.59,150.16 3 1
gbm/internal/mergeback.go:150.16,152.3 1 0
gbm/internal/mergeback.go:154.2,156.16 3 1
gbm/internal/mergeback.go:156.16,158.3 1 0
gbm/internal/mergeback.go:160.2,160.31 1 1
gbm/internal/mergeback.go:160.31,162.3 1 0
gbm/internal/mergeback.go:164.2,164.25 1 1
gbm/internal/mergeback.go:167.109,176.16 5 1
gbm/internal/mergeback.go:176.16,179.3 1 1
gbm/internal/mergeback.go:182.2,183.39 2 1
gbm/internal/mergeback.go:183.39,185.3 1 1
gbm/internal/mergeback.go:187.2,188.29 2 1
gbm/internal/mergeback.go:188.29,189.17 1 1
gbm/internal/mergeback.go:189.17,190.12 1 0
gbm/internal/mergeback.go:193.3,194.22 2 1
gbm/internal/mergeback.go:194.22,195.12 1 0
gbm/internal/mergeback.go:198.3,199.17 2 1
gbm/internal/mergeback.go:199.17,200.12 1 0
gbm/internal/mergeback.go:203.3,212.36 2 1
gbm/internal/mergeback.go:215.2,215.21 1 1
gbm/internal/mergeback.go:218.80,219.50 1 1
gbm/internal/mergeback.go:219.50,221.3 1 1
gbm/internal/mergeback.go:222.2,222.49 1 1
gbm/internal/mergeback.go:222.49,224.3 1 1
gbm/internal/mergeback.go:225.2,225.14 1 1
gbm/internal/mergeback.go:228.59,229.56 1 1
gbm/internal/mergeback.go:229.56,231.3 1 1
gbm/internal/mergeback.go:233.2,236.47 3 1
gbm/internal/mergeback.go:236.47,240.25 2 1
gbm/internal/mergeback.go:240.25,242.4 1 1
gbm/internal/mergeback.go:242.9,244.4 1 1
gbm/internal/mergeback.go:245.3,247.43 2 1
gbm/internal/mergeback.go:247.43,251.4 2 1
gbm/internal/mergeback.go:252.3,252.27 1 1
gbm/internal/mergeback.go:255.2,255.24 1 1
gbm/internal/state.go:34.28,44.2 1 1
gbm/internal/state.go:47.47,51.46 2 1
gbm/internal/state.go:51.46,53.63 2 1
gbm/internal/state.go:53.63,55.4 1 0
gbm/internal/state.go:57.3,57.38 1 1
gbm/internal/state.go:57.38,59.4 1 0
gbm/internal/state.go:60.3,60.21 1 1
gbm/internal/state.go:64.2,64.28 1 1
gbm/internal/state.go:68.43,69.51 1 1
gbm/internal/state.go:69.51,71.3 1 0
gbm/internal/state.go:73.2,75.16 3 1
gbm/internal/state.go:75.16,77.3 1 0
gbm/internal/state.go:78.2,78.15 1 1
gbm/internal/state.go:78.15,78.35 1 1
gbm/internal/state.go:80.2,81.42 2 1
gbm/internal/state.go:81.42,83.3 1 0
gbm/internal/state.go:85.2,85.12 1 1
gbm/internal/state.go:89.72,90.33 1 0
gbm/internal/state.go:90.33,92.3 1 0
gbm/internal/state.go:93.2,93.49 1 0
gbm/internal/state.go:97.75,98.33 1 0
gbm/internal/state.go:98.33,100.3 1 0
gbm/internal/state.go:101.2,102.27 2 0
gbm/internal/state.go:106.63,107.33 1 0
gbm/internal/state.go:107.33,109.3 1 0
gbm/internal/styles.go:24.50,26.2 1 0
gbm/internal/styles.go:29.49,31.2 1 0
gbm/internal/styles.go:34.42,35.30 1 0
gbm/internal/styles.go:35.30,38.3 1 0
gbm/internal/styles.go:39.2,39.26 1 0
gbm/internal/styles.go:43.45,43.79 1 0
gbm/internal/styles.go:44.45,44.79 1 0
gbm/internal/styles.go:45.45,45.77 1 0
gbm/internal/styles.go:46.45,46.76 1 0
gbm/internal/styles.go:47.45,47.80 1 0
gbm/internal/styles.go:48.45,48.78 1 0
gbm/internal/styles.go:49.45,49.79 1 0
gbm/internal/styles.go:50.45,50.79 1 0
gbm/internal/styles.go:51.45,51.80 1 0
gbm/internal/styles.go:52.45,52.80 1 0
gbm/internal/styles.go:53.45,53.80 1 0
gbm/internal/styles.go:54.45,54.81 1 0
gbm/internal/styles.go:55.45,55.83 1 0
gbm/internal/styles.go:56.45,56.82 1 0
gbm/internal/styles.go:141.40,143.2 1 0
gbm/internal/styles.go:145.39,147.2 1 0
gbm/internal/styles.go:149.42,151.2 1 0
gbm/internal/styles.go:153.37,155.2 1 0
gbm/internal/styles.go:157.39,159.2 1 0
gbm/internal/styles.go:161.39,163.2 1 0
gbm/internal/styles.go:166.49,169.14 2 0
gbm/internal/styles.go:170.29,171.49 1 0
gbm/internal/styles.go:172.29,173.54 1 0
gbm/internal/styles.go:174.27,175.52 1 0
gbm/internal/styles.go:176.30,177.52 1 0
gbm/internal/styles.go:178.26,179.51 1 0
gbm/internal/styles.go:180.28,181.51 1 0
gbm/internal/styles.go:182.29,183.54 1 0
gbm/internal/styles.go:184.29,185.54 1 0
gbm/internal/styles.go:186.10,187.27 1 0
gbm/internal/styles.go:192.40,195.2 2 0
gbm/internal/styles.go:197.40,200.2 2 0
gbm/internal/styles.go:202.38,205.2 2 0
gbm/internal/styles.go:207.37,210.2 2 0
gbm/internal/styles.go:213.48,216.19 2 0
gbm/internal/styles.go:216.19,218.3 1 0
gbm/internal/styles.go:220.2,220.20 1 0
gbm/internal/styles.go:220.20,222.3 1 0
gbm/internal/styles.go:224.2,224.43 1 0
gbm/internal/styles.go:224.43,226.3 1 0
gbm/internal/styles.go:228.2,228.22 1 0
gbm/internal/styles.go:228.22,230.3 1 0
gbm/internal/styles.go:232.2,232.23 1 0
gbm/internal/styles.go:232.23,234.3 1 0
gbm/internal/styles.go:236.2,236.53 1 0
gbm/internal/styles.go:240.45,241.19 1 1
gbm/internal/styles.go:241.19,243.18 2 1
gbm/internal/styles.go:243.18,245.4 1 1
gbm/internal/styles.go:246.3,246.44 1 1
gbm/internal/styles.go:249.2,249.22 1 1
gbm/internal/styles.go:249.22,252.3 2 1
gbm/internal/styles.go:254.2,255.15 2 1
gbm/internal/styles.go:255.15,257.3 1 1
gbm/internal/styles.go:258.2,258.37 1 1
gbm/internal/styles.go:261.45,265.29 3 1
gbm/internal/styles.go:265.29,267.3 1 1
gbm/internal/styles.go:268.2,268.27 1 1
gbm/internal/styles.go:273.29,276.29 2 0
gbm/internal/styles.go:276.29,278.3 1 0
gbm/internal/styles.go:281.2,281.52 1 0
gbm/internal/styles.go:281.52,282.59 1 0
gbm/internal/styles.go:282.59,284.4 1 0
gbm/internal/styles.go:288.2,288.53 1 0
gbm/internal/styles.go:288.53,289.46 1 0
gbm/internal/styles.go:289.46,290.86 1 0
gbm/internal/styles.go:290.86,292.5 1 0
gbm/internal/styles.go:297.2,297.11 1 0
gbm/internal/table.go:18.40,40.2 3 0
gbm/internal/table.go:43.59,63.2 2 0
gbm/internal/table.go:65.38,67.2 1 0
gbm/internal/table.go:69.25,71.20 2 0
gbm/internal/table.go:71.20,73.3 1 0
gbm/internal/table.go:74.2,74.31 1 0
gbm/internal/table.go:77.33,79.20 2 0
gbm/internal/table.go:79.20,81.3 1 0
gbm/internal/table.go:82.2,82.25 1 0
gbm/internal/table.go:86.30,94.47 2 0
gbm/internal/table.go:94.47,95.30 1 0
gbm/internal/table.go:95.30,97.5 1 0
gbm/internal/table.go:98.4,98.25 1 0
gbm/internal/table.go:103.2,103.29 1 0
gbm/internal/table.go:103.29,105.42 2 0
gbm/internal/table.go:105.42,106.27 1 0
gbm/internal/table.go:106.27,108.5 1 0
gbm/internal/table.go:110.3,110.32 1 0
gbm/internal/table.go:115.58,121.42 2 0
gbm/internal/table.go:121.42,123.26 2 0
gbm/internal/table.go:123.26,125.4 1 0
gbm/internal/table.go:126.3,126.28 1 0
gbm/internal/table.go:130.2,136.47 4 0
gbm/internal/table.go:136.47,137.36 1 0
gbm/internal/table.go:137.36,138.32 1 0
gbm/internal/table.go:138.32,141.10 3 0
gbm/internal/table.go:147.2,150.70 2 0
gbm/internal/table.go:150.70,151.36 1 0
gbm/internal/table.go:151.36,152.24 1 0
gbm/internal/table.go:152.24,155.10 3 0
gbm/internal/table.go:160.2,160.42 1 0
gbm/internal/table.go:164.47,166.35 2 0
gbm/internal/table.go:166.35,171.30 2 0
gbm/internal/table.go:171.30,172.20 1 0
gbm/internal/table.go:172.20,174.32 2 0
gbm/internal/table.go:174.32,176.6 1 0
gbm/internal/table.go:181.3,181.83 1 0
gbm/internal/table.go:181.83,183.4 1 0
gbm/internal/table.go:183.9,183.38 1 0
gbm/internal/table.go:183.38,185.4 1 0
gbm/internal/table.go:187.3,187.25 1 0
gbm/internal/table.go:191.2,191.42 1 0
gbm/internal/table.go:195.73,197.33 2 0
gbm/internal/table.go:197.33,200.31 2 0
gbm/internal/table.go:200.31,201.19 1 0
gbm/internal/table.go:201.19,203.10 2 0
gbm/internal/table.go:207.3,207.21 1 0
gbm/internal/table.go:207.21,208.12 1 0
gbm/internal/table.go:212.3,215.30 2 0
gbm/internal/table.go:215.30,216.27 1 0
gbm/internal/table.go:216.27,218.32 2 0
gbm/internal/table.go:218.32,220.6 1 0
gbm/internal/table.go:225.3,225.83 1 0
gbm/internal/table.go:225.83,227.4 1 0
gbm/internal/table.go:227.9,227.38 1 0
gbm/internal/table.go:227.38,229.4 1 0
gbm/internal/table.go:231.3,231.25 1 0
gbm/internal/table.go:234.2,234.40 1 0
gbm/internal/worktree_tree.go:22.70,29.47 2 1
gbm/internal/worktree_tree.go:29.47,36.3 2 1
gbm/internal/worktree_tree.go:39.2,39.40 1 1
gbm/internal/worktree_tree.go:39.40,40.34 1 1
gbm/internal/worktree_tree.go:40.34,43.15 2 1
gbm/internal/worktree_tree.go:43.15,45.5 1 1
gbm/internal/worktree_tree.go:46.4,47.51 2 1
gbm/internal/worktree_tree.go:48.9,51.4 1 1
gbm/internal/worktree_tree.go:55.2,55.47 1 1
gbm/internal/worktree_tree.go:55.47,57.3 1 1
gbm/internal/worktree_tree.go:59.2,59.21 1 1
gbm/internal/worktree_tree.go:66.49,70.29 3 1
gbm/internal/worktree_tree.go:70.29,71.21 1 1
gbm/internal/worktree_tree.go:71.21,72.47 1 1
gbm/internal/worktree_tree.go:72.47,74.5 1 1
gbm/internal/worktree_tree.go:77.2,77.12 1 1
gbm/internal/worktree_tree.go:81.97,88.33 4 1
gbm/internal/worktree_tree.go:88.33,89.38 1 1
gbm/internal/worktree_tree.go:89.38,90.64 1 1
gbm/internal/worktree_tree.go:90.64,92.5 1 1
gbm/internal/worktree_tree.go:93.9,93.45 1 1
gbm/internal/worktree_tree.go:93.45,96.4 1 1
gbm/internal/worktree_tree.go:99.2,100.14 2 1
gbm/internal/worktree_tree.go:104.63,106.2 1 1
gbm/internal/worktree_tree.go:109.55,111.2 1 1
gbm/internal/worktree_tree.go:115.52,116.23 1 1
gbm/internal/worktree_tree.go:116.23,118.3 1 1
gbm/internal/worktree_tree.go:119.2,119.12 1 0
gbm/internal/worktree_tree.go:123.67,125.2 1 1
gbm/internal/worktree_tree.go:128.69,130.32 2 1
gbm/internal/worktree_tree.go:130.32,133.3 2 1
gbm/internal/worktree_tree.go:134.2,134.25 1 1
gbm/internal/worktree_tree.go:140.51,142.2 1 1
gbm/internal/worktree_tree.go:145.55,147.2 1 1
gbm/internal/worktree_tree.go:150.51,153.21 3 1
gbm/internal/worktree_tree.go:153.21,156.3 2 1
gbm/internal/worktree_tree.go:157.2,157.13 1 1
gbm/internal/worktree_tree.go:161.40,164.21 3 1
gbm/internal/worktree_tree.go:164.21,167.3 2 1
gbm/internal/worktree_tree.go:168.2,168.14 1 1
gbm/internal/worktree_tree.go:172.39,174.2 1 1
gbm/internal/worktree_tree.go:177.39,179.2 1 1
gbm/internal/worktree_tree.go:182.61,184.21 2 1
gbm/internal/worktree_tree.go:184.21,185.19 1 1
gbm/internal/worktree_tree.go:185.19,186.9 1 0
gbm/internal/worktree_tree.go:188.3,188.27 1 1
gbm/internal/worktree_tree.go:193.63,194.13 1 1
gbm/internal/worktree_tree.go:194.13,196.3 1 0
gbm/internal/worktree_tree.go:197.2,197.36 1 1
gbm/internal/worktree_tree.go:197.36,199.3 1 1
gbm/internal/worktree_tree.go:203.56,205.44 2 1
gbm/internal/worktree_tree.go:205.44,206.20 1 1
gbm/internal/worktree_tree.go:206.20,208.4 1 1
gbm/internal/worktree_tree.go:209.3,209.14 1 1
gbm/internal/worktree_tree.go:211.2,211.15 1 1
gbm/internal/worktree_tree.go:215.63,217.22 2 1
gbm/internal/worktree_tree.go:217.22,219.3 1 0
gbm/internal/worktree_tree.go:221.2,222.30 2 1
gbm/internal/worktree_tree.go:222.30,223.49 1 1
gbm/internal/worktree_tree.go:223.49,225.4 1 1
gbm/internal/worktree_tree.go:228.2,229.30 2 1
gbm/internal/worktree_tree.go:229.30,230.34 1 1
gbm/internal/worktree_tree.go:230.34,232.4 1 1
gbm/internal/worktree_tree.go:234.2,234.22 1 1
gbm/internal/worktree_tree.go:238.50,240.36 2 0
gbm/internal/worktree_tree.go:240.36,242.3 1 0
